<?xml version="1.0" encoding="UTF-8"?>
<!-- Generated by org.testng.reporters.JUnitReportReporter -->
<testsuite hostname="DESKTOP-0CUFEEG" failures="0" tests="1" name="qa.demo.pageTest.LoginTest" time="0.252" errors="0" timestamp="2023-08-07T23:16:22 IST" skipped="0">
  <testcase classname="qa.demo.pageTest.LoginTest" name="headersTest" time="0.252"/>
  <system-out/>
</testsuite> <!-- qa.demo.pageTest.LoginTest -->
